app/build/outputs/logs/manifest-merger-debug-report.txt
-- Merging decision tree log ---
manifest
ADDED from src\main\AndroidManifest.xml:2:1-202:12
	package
		ADDED from src\main\AndroidManifest.xml:4:2-42
		INJECTED from src\main\AndroidManifest.xml
		INJECTED from src\main\AndroidManifest.xml
	android:versionName
		ADDED from src\main\AndroidManifest.xml:7:2-31
		INJECTED from src\main\AndroidManifest.xml
		INJECTED from src\main\AndroidManifest.xml
	xmlns:tools
		ADDED from src\main\AndroidManifest.xml:3:2-48
	android:versionCode
		ADDED from src\main\AndroidManifest.xml:6:2-27
		INJECTED from src\main\AndroidManifest.xml
		INJECTED from src\main\AndroidManifest.xml
	xmlns:android
		ADDED from src\main\AndroidManifest.xml:2:11-69
	android:installLocation
		ADDED from src\main\AndroidManifest.xml:5:2-40
uses-sdk
ADDED from src\main\AndroidManifest.xml:9:2-12:33
MERGED from [com.android.support:multidex:1.0.1] AndroidManifest.xml:18:5-42
MERGED from [com.actionbarsherlock:actionbarsherlock:4.4.0] AndroidManifest.xml:3:3-70
	android:targetSdkVersion
		ADDED from src\main\AndroidManifest.xml:11:3-32
		INJECTED from src\main\AndroidManifest.xml
		INJECTED from src\main\AndroidManifest.xml
	tools:ignore
		ADDED from src\main\AndroidManifest.xml:12:3-30
	android:minSdkVersion
		ADDED from src\main\AndroidManifest.xml:10:3-29
		INJECTED from src\main\AndroidManifest.xml
		INJECTED from src\main\AndroidManifest.xml
uses-permission#android.permission.INTERNET
ADDED from src\main\AndroidManifest.xml:14:2-64
	android:name
		ADDED from src\main\AndroidManifest.xml:14:19-61
uses-permission#android.permission.WRITE_EXTERNAL_STORAGE
ADDED from src\main\AndroidManifest.xml:15:2-78
	android:name
		ADDED from src\main\AndroidManifest.xml:15:19-75
uses-permission#android.permission.READ_EXTERNAL_STORAGE
ADDED from src\main\AndroidManifest.xml:16:2-77
	android:name
		ADDED from src\main\AndroidManifest.xml:16:19-74
uses-permission#android.permission.NFC
ADDED from src\main\AndroidManifest.xml:17:2-59
	android:name
		ADDED from src\main\AndroidManifest.xml:17:19-56
uses-permission#android.permission.CAMERA
ADDED from src\main\AndroidManifest.xml:18:2-62
	android:name
		ADDED from src\main\AndroidManifest.xml:18:19-59
uses-permission#android.permission.VIBRATE
ADDED from src\main\AndroidManifest.xml:19:2-63
	android:name
		ADDED from src\main\AndroidManifest.xml:19:19-60
uses-permission#android.permission.WAKE_LOCK
ADDED from src\main\AndroidManifest.xml:20:2-65
	android:name
		ADDED from src\main\AndroidManifest.xml:20:19-62
uses-permission#android.permission.BROADCAST_STICKY
ADDED from src\main\AndroidManifest.xml:21:2-72
	android:name
		ADDED from src\main\AndroidManifest.xml:21:19-69
uses-permission#android.permission.BLUETOOTH
ADDED from src\main\AndroidManifest.xml:22:2-65
	android:name
		ADDED from src\main\AndroidManifest.xml:22:19-62
uses-feature#android.hardware.touchscreen
ADDED from src\main\AndroidManifest.xml:24:2-26:30
	android:required
		ADDED from src\main\AndroidManifest.xml:26:3-27
	android:name
		ADDED from src\main\AndroidManifest.xml:25:3-46
uses-feature#android.hardware.nfc
ADDED from src\main\AndroidManifest.xml:27:2-29:30
	android:required
		ADDED from src\main\AndroidManifest.xml:29:3-27
	android:name
		ADDED from src\main\AndroidManifest.xml:28:3-38
uses-feature#android.hardware.camera
ADDED from src\main\AndroidManifest.xml:30:2-32:30
	android:required
		ADDED from src\main\AndroidManifest.xml:32:3-27
	android:name
		ADDED from src\main\AndroidManifest.xml:31:3-41
uses-feature#android.hardware.camera.front
ADDED from src\main\AndroidManifest.xml:33:2-35:30
	android:required
		ADDED from src\main\AndroidManifest.xml:35:3-27
	android:name
		ADDED from src\main\AndroidManifest.xml:34:3-47
uses-feature#android.hardware.camera.autofocus
ADDED from src\main\AndroidManifest.xml:36:2-38:30
	android:required
		ADDED from src\main\AndroidManifest.xml:38:3-27
	android:name
		ADDED from src\main\AndroidManifest.xml:37:3-51
uses-feature#android.hardware.camera.flash
ADDED from src\main\AndroidManifest.xml:39:2-41:30
	android:required
		ADDED from src\main\AndroidManifest.xml:41:3-27
	android:name
		ADDED from src\main\AndroidManifest.xml:40:3-47
uses-feature#android.hardware.screen.landscape
ADDED from src\main\AndroidManifest.xml:42:2-44:30
	android:required
		ADDED from src\main\AndroidManifest.xml:44:3-27
	android:name
		ADDED from src\main\AndroidManifest.xml:43:3-51
uses-feature#android.hardware.bluetooth
ADDED from src\main\AndroidManifest.xml:45:2-47:30
	android:required
		ADDED from src\main\AndroidManifest.xml:47:3-27
	android:name
		ADDED from src\main\AndroidManifest.xml:46:3-44
supports-screens
ADDED from src\main\AndroidManifest.xml:49:2-54:34
	android:largeScreens
		ADDED from src\main\AndroidManifest.xml:51:3-30
	android:smallScreens
		ADDED from src\main\AndroidManifest.xml:53:3-30
	android:normalScreens
		ADDED from src\main\AndroidManifest.xml:52:3-31
	android:xlargeScreens
		ADDED from src\main\AndroidManifest.xml:54:3-31
	android:anyDensity
		ADDED from src\main\AndroidManifest.xml:50:3-28
application
ADDED from src\main\AndroidManifest.xml:56:2-200:16
MERGED from [com.actionbarsherlock:actionbarsherlock:4.4.0] AndroidManifest.xml:4:3-17
	android:label
		ADDED from src\main\AndroidManifest.xml:61:3-35
	android:hardwareAccelerated
		ADDED from src\main\AndroidManifest.xml:59:3-37
	android:allowBackup
		ADDED from src\main\AndroidManifest.xml:58:3-30
	android:icon
		ADDED from src\main\AndroidManifest.xml:60:3-36
	android:theme
		ADDED from src\main\AndroidManifest.xml:62:3-34
	android:name
		ADDED from src\main\AndroidManifest.xml:57:3-55
activity#org.blackhat.wallet.ui.WalletActivity
ADDED from src\main\AndroidManifest.xml:63:3-80:14
	android:launchMode
		ADDED from src\main\AndroidManifest.xml:66:4-35
	android:configChanges
		ADDED from src\main\AndroidManifest.xml:65:4-51
	android:name
		ADDED from src\main\AndroidManifest.xml:64:4-56
intent-filter#android.intent.action.MAIN+android.intent.category.LAUNCHER
ADDED from src\main\AndroidManifest.xml:68:4-72:20
action#android.intent.action.MAIN
ADDED from src\main\AndroidManifest.xml:69:5-57
	android:name
		ADDED from src\main\AndroidManifest.xml:69:13-54
category#android.intent.category.LAUNCHER
ADDED from src\main\AndroidManifest.xml:71:5-65
	android:name
		ADDED from src\main\AndroidManifest.xml:71:15-62
intent-filter#android.intent.category.DEFAULT+android.nfc.action.NDEF_DISCOVERED
ADDED from src\main\AndroidManifest.xml:73:4-79:20
action#android.nfc.action.NDEF_DISCOVERED
ADDED from src\main\AndroidManifest.xml:74:5-65
	android:name
		ADDED from src\main\AndroidManifest.xml:74:13-62
data
ADDED from src\main\AndroidManifest.xml:76:5-52
	android:mimeType
		ADDED from src\main\AndroidManifest.xml:76:11-49
category#android.intent.category.DEFAULT
ADDED from src\main\AndroidManifest.xml:78:5-64
	android:name
		ADDED from src\main\AndroidManifest.xml:78:15-61
activity#org.blackhat.wallet.ui.SendCoinsActivity
ADDED from src\main\AndroidManifest.xml:82:3-103:14
	android:screenOrientation
		ADDED from src\main\AndroidManifest.xml:86:4-38
	android:label
		ADDED from src\main\AndroidManifest.xml:85:4-53
	android:windowSoftInputMode
		ADDED from src\main\AndroidManifest.xml:87:4-46
	android:configChanges
		ADDED from src\main\AndroidManifest.xml:84:4-51
	android:name
		ADDED from src\main\AndroidManifest.xml:83:4-59
intent-filter#android.intent.action.VIEW+android.intent.category.BROWSABLE+android.intent.category.DEFAULT
ADDED from src\main\AndroidManifest.xml:88:4-95:20
	android:label
		ADDED from src\main\AndroidManifest.xml:88:19-68
action#android.intent.action.VIEW
ADDED from src\main\AndroidManifest.xml:89:5-57
	android:name
		ADDED from src\main\AndroidManifest.xml:89:13-54
category#android.intent.category.BROWSABLE
ADDED from src\main\AndroidManifest.xml:94:5-66
	android:name
		ADDED from src\main\AndroidManifest.xml:94:15-63
activity#org.blackhat.wallet.ui.SendCoinsQrActivity
ADDED from src\main\AndroidManifest.xml:104:3-108:14
	android:configChanges
		ADDED from src\main\AndroidManifest.xml:106:4-51
	android:theme
		ADDED from src\main\AndroidManifest.xml:107:4-63
	android:name
		ADDED from src\main\AndroidManifest.xml:105:4-61
activity#org.blackhat.wallet.ui.RequestCoinsActivity
ADDED from src\main\AndroidManifest.xml:109:3-114:49
	android:screenOrientation
		ADDED from src\main\AndroidManifest.xml:113:4-38
	android:label
		ADDED from src\main\AndroidManifest.xml:112:4-56
	android:windowSoftInputMode
		ADDED from src\main\AndroidManifest.xml:114:4-46
	android:configChanges
		ADDED from src\main\AndroidManifest.xml:111:4-51
	android:name
		ADDED from src\main\AndroidManifest.xml:110:4-62
activity#org.blackhat.wallet.ui.TransactionActivity
ADDED from src\main\AndroidManifest.xml:115:9-128:20
	android:screenOrientation
		ADDED from src\main\AndroidManifest.xml:119:17-51
	android:label
		ADDED from src\main\AndroidManifest.xml:118:17-67
	android:configChanges
		ADDED from src\main\AndroidManifest.xml:117:17-64
	android:name
		ADDED from src\main\AndroidManifest.xml:116:17-74
activity#org.blackhat.wallet.ui.AddressBookActivity
ADDED from src\main\AndroidManifest.xml:129:3-133:41
	android:screenOrientation
		ADDED from src\main\AndroidManifest.xml:133:4-38
	android:label
		ADDED from src\main\AndroidManifest.xml:132:4-55
	android:configChanges
		ADDED from src\main\AndroidManifest.xml:131:4-51
	android:name
		ADDED from src\main\AndroidManifest.xml:130:4-61
activity#org.blackhat.wallet.ui.ExchangeRatesActivity
ADDED from src\main\AndroidManifest.xml:134:3-138:41
	android:screenOrientation
		ADDED from src\main\AndroidManifest.xml:138:4-38
	android:label
		ADDED from src\main\AndroidManifest.xml:137:4-57
	android:configChanges
		ADDED from src\main\AndroidManifest.xml:136:4-51
	android:name
		ADDED from src\main\AndroidManifest.xml:135:4-63
activity#org.blackhat.wallet.ui.NetworkMonitorActivity
ADDED from src\main\AndroidManifest.xml:139:3-143:41
	android:screenOrientation
		ADDED from src\main\AndroidManifest.xml:143:4-38
	android:label
		ADDED from src\main\AndroidManifest.xml:142:4-58
	android:configChanges
		ADDED from src\main\AndroidManifest.xml:141:4-51
	android:name
		ADDED from src\main\AndroidManifest.xml:140:4-64
activity#org.blackhat.wallet.ui.PreferencesActivity
ADDED from src\main\AndroidManifest.xml:144:3-147:41
	android:screenOrientation
		ADDED from src\main\AndroidManifest.xml:147:4-38
	android:label
		ADDED from src\main\AndroidManifest.xml:146:4-54
	android:name
		ADDED from src\main\AndroidManifest.xml:145:4-61
activity#org.blackhat.wallet.ui.AboutActivity
ADDED from src\main\AndroidManifest.xml:148:3-151:41
	android:screenOrientation
		ADDED from src\main\AndroidManifest.xml:151:4-38
	android:label
		ADDED from src\main\AndroidManifest.xml:150:4-39
	android:name
		ADDED from src\main\AndroidManifest.xml:149:4-55
activity#org.blackhat.wallet.ui.ImportKeysActivity
ADDED from src\main\AndroidManifest.xml:152:3-164:14
	android:configChanges
		ADDED from src\main\AndroidManifest.xml:154:4-63
	android:theme
		ADDED from src\main\AndroidManifest.xml:155:4-42
	android:name
		ADDED from src\main\AndroidManifest.xml:153:4-60
intent-filter#android.intent.action.VIEW+android.intent.category.DEFAULT
ADDED from src\main\AndroidManifest.xml:156:4-163:20
	android:label
		ADDED from src\main\AndroidManifest.xml:156:19-75
activity#org.blackhat.wallet.ui.ScanActivity
ADDED from src\main\AndroidManifest.xml:165:3-171:54
	android:screenOrientation
		ADDED from src\main\AndroidManifest.xml:168:4-41
	android:stateNotNeeded
		ADDED from src\main\AndroidManifest.xml:169:4-33
	android:windowSoftInputMode
		ADDED from src\main\AndroidManifest.xml:171:4-51
	android:configChanges
		ADDED from src\main\AndroidManifest.xml:167:4-63
	android:theme
		ADDED from src\main\AndroidManifest.xml:170:4-46
	android:name
		ADDED from src\main\AndroidManifest.xml:166:4-54
provider#org.blackhat.wallet.AddressBookProvider
ADDED from src\main\AndroidManifest.xml:173:3-176:31
	android:authorities
		ADDED from src\main\AndroidManifest.xml:175:4-69
	android:exported
		ADDED from src\main\AndroidManifest.xml:176:4-28
	android:name
		ADDED from src\main\AndroidManifest.xml:174:4-58
provider#org.blackhat.wallet.ExchangeRatesProvider
ADDED from src\main\AndroidManifest.xml:177:3-180:31
	android:authorities
		ADDED from src\main\AndroidManifest.xml:179:4-71
	android:exported
		ADDED from src\main\AndroidManifest.xml:180:4-28
	android:name
		ADDED from src\main\AndroidManifest.xml:178:4-60
receiver#org.blackhat.wallet.WalletBalanceWidgetProvider
ADDED from src\main\AndroidManifest.xml:182:3-192:14
	android:label
		ADDED from src\main\AndroidManifest.xml:184:4-43
	android:name
		ADDED from src\main\AndroidManifest.xml:183:4-66
intent-filter#android.appwidget.action.APPWIDGET_UPDATE
ADDED from src\main\AndroidManifest.xml:185:4-187:20
action#android.appwidget.action.APPWIDGET_UPDATE
ADDED from src\main\AndroidManifest.xml:186:5-72
	android:name
		ADDED from src\main\AndroidManifest.xml:186:13-69
meta-data#android.appwidget.provider
ADDED from src\main\AndroidManifest.xml:189:4-191:53
	android:resource
		ADDED from src\main\AndroidManifest.xml:191:5-50
	android:name
		ADDED from src\main\AndroidManifest.xml:190:5-46
service#org.blackhat.wallet.service.BlockchainServiceImpl
ADDED from src\main\AndroidManifest.xml:194:3-196:31
	android:exported
		ADDED from src\main\AndroidManifest.xml:196:4-28
	android:name
		ADDED from src\main\AndroidManifest.xml:195:4-68
service#org.blackhat.wallet.offline.AcceptBluetoothService
ADDED from src\main\AndroidManifest.xml:197:3-199:31
	android:exported
		ADDED from src\main\AndroidManifest.xml:199:4-28
	android:name
		ADDED from src\main\AndroidManifest.xml:198:4-69